0 info it worked if it ends with ok
1 verbose cli [ '/usr/local/bin/node',
1 verbose cli   '/usr/local/bin/npm',
1 verbose cli   'install',
1 verbose cli   'webkit-devtools-agent' ]
2 info using npm@2.9.0
3 info using node@v2.3.0
4 verbose install initial load of /Users/abelchalier/Desktop/EDSN/package.json
5 verbose installManyTop reading scoped package data from /Users/abelchalier/Desktop/EDSN/node_modules/Faker/package.json
6 verbose installManyTop reading scoped package data from /Users/abelchalier/Desktop/EDSN/node_modules/MD5/package.json
7 verbose installManyTop reading scoped package data from /Users/abelchalier/Desktop/EDSN/node_modules/async/package.json
8 verbose installManyTop reading scoped package data from /Users/abelchalier/Desktop/EDSN/node_modules/body-parser/package.json
9 verbose installManyTop reading scoped package data from /Users/abelchalier/Desktop/EDSN/node_modules/browserify/package.json
10 verbose installManyTop reading scoped package data from /Users/abelchalier/Desktop/EDSN/node_modules/bson/package.json
11 verbose installManyTop reading scoped package data from /Users/abelchalier/Desktop/EDSN/node_modules/chai/package.json
12 verbose installManyTop reading scoped package data from /Users/abelchalier/Desktop/EDSN/node_modules/chai-http/package.json
13 verbose installManyTop reading scoped package data from /Users/abelchalier/Desktop/EDSN/node_modules/chai-string/package.json
14 verbose installManyTop reading scoped package data from /Users/abelchalier/Desktop/EDSN/node_modules/colors/package.json
15 verbose installManyTop reading scoped package data from /Users/abelchalier/Desktop/EDSN/node_modules/compression/package.json
16 verbose installManyTop reading scoped package data from /Users/abelchalier/Desktop/EDSN/node_modules/connect-redis-sessions/package.json
17 verbose installManyTop reading scoped package data from /Users/abelchalier/Desktop/EDSN/node_modules/cookie/package.json
18 verbose installManyTop reading scoped package data from /Users/abelchalier/Desktop/EDSN/node_modules/cookie-parser/package.json
19 verbose installManyTop reading scoped package data from /Users/abelchalier/Desktop/EDSN/node_modules/creditcard/package.json
20 verbose installManyTop reading scoped package data from /Users/abelchalier/Desktop/EDSN/node_modules/cron-emitter/package.json
21 verbose installManyTop reading scoped package data from /Users/abelchalier/Desktop/EDSN/node_modules/cron-parser/package.json
22 verbose installManyTop reading scoped package data from /Users/abelchalier/Desktop/EDSN/node_modules/deep-diff/package.json
23 verbose installManyTop reading scoped package data from /Users/abelchalier/Desktop/EDSN/node_modules/dropbox/package.json
24 verbose installManyTop reading scoped package data from /Users/abelchalier/Desktop/EDSN/node_modules/ejs/package.json
25 verbose installManyTop reading scoped package data from /Users/abelchalier/Desktop/EDSN/node_modules/express/package.json
26 verbose installManyTop reading scoped package data from /Users/abelchalier/Desktop/EDSN/node_modules/fluentreports/package.json
27 verbose installManyTop reading scoped package data from /Users/abelchalier/Desktop/EDSN/node_modules/fs.extra/package.json
28 verbose installManyTop reading scoped package data from /Users/abelchalier/Desktop/EDSN/node_modules/geocoder/package.json
29 verbose installManyTop reading scoped package data from /Users/abelchalier/Desktop/EDSN/node_modules/glob/package.json
30 verbose installManyTop reading scoped package data from /Users/abelchalier/Desktop/EDSN/node_modules/googlemaps/package.json
31 verbose installManyTop reading scoped package data from /Users/abelchalier/Desktop/EDSN/node_modules/gulp/package.json
32 verbose installManyTop reading scoped package data from /Users/abelchalier/Desktop/EDSN/node_modules/gulp-concat/package.json
33 verbose installManyTop reading scoped package data from /Users/abelchalier/Desktop/EDSN/node_modules/gulp-jshint/package.json
34 verbose installManyTop reading scoped package data from /Users/abelchalier/Desktop/EDSN/node_modules/gulp-minify/package.json
35 verbose installManyTop reading scoped package data from /Users/abelchalier/Desktop/EDSN/node_modules/gulp-minify-css/package.json
36 verbose installManyTop reading scoped package data from /Users/abelchalier/Desktop/EDSN/node_modules/gulp-notify/package.json
37 verbose installManyTop reading scoped package data from /Users/abelchalier/Desktop/EDSN/node_modules/gulp-rename/package.json
38 verbose installManyTop reading scoped package data from /Users/abelchalier/Desktop/EDSN/node_modules/gulp-sourcemaps/package.json
39 verbose installManyTop reading scoped package data from /Users/abelchalier/Desktop/EDSN/node_modules/gulp-util/package.json
40 verbose installManyTop reading scoped package data from /Users/abelchalier/Desktop/EDSN/node_modules/html-entities/package.json
41 verbose installManyTop reading scoped package data from /Users/abelchalier/Desktop/EDSN/node_modules/html-pdf/package.json
42 verbose installManyTop reading scoped package data from /Users/abelchalier/Desktop/EDSN/node_modules/jshint/package.json
43 verbose installManyTop reading scoped package data from /Users/abelchalier/Desktop/EDSN/node_modules/jshint-stylish/package.json
44 verbose installManyTop reading scoped package data from /Users/abelchalier/Desktop/EDSN/node_modules/kue/package.json
45 verbose installManyTop reading scoped package data from /Users/abelchalier/Desktop/EDSN/node_modules/lodash/package.json
46 verbose installManyTop reading scoped package data from /Users/abelchalier/Desktop/EDSN/node_modules/lzjs/package.json
47 verbose installManyTop reading scoped package data from /Users/abelchalier/Desktop/EDSN/node_modules/milliseconds/package.json
48 verbose installManyTop reading scoped package data from /Users/abelchalier/Desktop/EDSN/node_modules/mime/package.json
49 verbose installManyTop reading scoped package data from /Users/abelchalier/Desktop/EDSN/node_modules/minimist/package.json
50 verbose installManyTop reading scoped package data from /Users/abelchalier/Desktop/EDSN/node_modules/mkdirp/package.json
51 verbose installManyTop reading scoped package data from /Users/abelchalier/Desktop/EDSN/node_modules/moment/package.json
52 verbose installManyTop reading scoped package data from /Users/abelchalier/Desktop/EDSN/node_modules/mongoose/package.json
53 verbose installManyTop reading scoped package data from /Users/abelchalier/Desktop/EDSN/node_modules/mongoose-text-search/package.json
54 verbose installManyTop reading scoped package data from /Users/abelchalier/Desktop/EDSN/node_modules/multer/package.json
55 verbose installManyTop reading scoped package data from /Users/abelchalier/Desktop/EDSN/node_modules/node-inspector/package.json
56 verbose installManyTop reading scoped package data from /Users/abelchalier/Desktop/EDSN/node_modules/postmark/package.json
57 verbose installManyTop reading scoped package data from /Users/abelchalier/Desktop/EDSN/node_modules/pretty-error/package.json
58 verbose installManyTop reading scoped package data from /Users/abelchalier/Desktop/EDSN/node_modules/redis/package.json
59 verbose installManyTop reading scoped package data from /Users/abelchalier/Desktop/EDSN/node_modules/redis-rstream/package.json
60 verbose installManyTop reading scoped package data from /Users/abelchalier/Desktop/EDSN/node_modules/regexp-accents/package.json
61 verbose installManyTop reading scoped package data from /Users/abelchalier/Desktop/EDSN/node_modules/request/package.json
62 verbose installManyTop reading scoped package data from /Users/abelchalier/Desktop/EDSN/node_modules/request-promise/package.json
63 verbose installManyTop reading scoped package data from /Users/abelchalier/Desktop/EDSN/node_modules/rwlock/package.json
64 verbose installManyTop reading scoped package data from /Users/abelchalier/Desktop/EDSN/node_modules/sanitize-html/package.json
65 verbose installManyTop reading scoped package data from /Users/abelchalier/Desktop/EDSN/node_modules/should/package.json
66 verbose installManyTop reading scoped package data from /Users/abelchalier/Desktop/EDSN/node_modules/simple-encryptor/package.json
67 verbose installManyTop reading scoped package data from /Users/abelchalier/Desktop/EDSN/node_modules/sinon/package.json
68 verbose installManyTop reading scoped package data from /Users/abelchalier/Desktop/EDSN/node_modules/socket.io/package.json
69 verbose installManyTop reading scoped package data from /Users/abelchalier/Desktop/EDSN/node_modules/supertest/package.json
70 verbose installManyTop reading scoped package data from /Users/abelchalier/Desktop/EDSN/node_modules/uuid/package.json
71 verbose installManyTop reading scoped package data from /Users/abelchalier/Desktop/EDSN/node_modules/vinyl-buffer/package.json
72 verbose installManyTop reading scoped package data from /Users/abelchalier/Desktop/EDSN/node_modules/vinyl-source-stream/package.json
73 verbose installManyTop reading scoped package data from /Users/abelchalier/Desktop/EDSN/node_modules/waitress/package.json
74 verbose installManyTop reading scoped package data from /Users/abelchalier/Desktop/EDSN/node_modules/watchify/package.json
75 verbose installManyTop reading scoped package data from /Users/abelchalier/Desktop/EDSN/node_modules/xs/package.json
76 warn package.json regexp-accents@1.0.0 No description
77 verbose readDependencies loading dependencies from /Users/abelchalier/Desktop/EDSN/package.json
78 silly cache add args [ 'webkit-devtools-agent', null ]
79 verbose cache add spec webkit-devtools-agent
80 silly cache add parsed spec { raw: 'webkit-devtools-agent',
80 silly cache add   scope: null,
80 silly cache add   name: 'webkit-devtools-agent',
80 silly cache add   rawSpec: '',
80 silly cache add   spec: '*',
80 silly cache add   type: 'range' }
81 silly addNamed webkit-devtools-agent@*
82 verbose addNamed "*" is a valid semver range for webkit-devtools-agent
83 silly addNameRange { name: 'webkit-devtools-agent', range: '*', hasData: false }
84 silly mapToRegistry name webkit-devtools-agent
85 silly mapToRegistry using default registry
86 silly mapToRegistry registry https://registry.npmjs.org/
87 silly mapToRegistry uri https://registry.npmjs.org/webkit-devtools-agent
88 verbose addNameRange registry:https://registry.npmjs.org/webkit-devtools-agent not in flight; fetching
89 verbose request uri https://registry.npmjs.org/webkit-devtools-agent
90 verbose request no auth needed
91 info attempt registry request try #1 at 18:00:23
92 verbose request using bearer token for auth
93 verbose request id 16ea452e391b862f
94 verbose etag "1X3N1JZXNW0C7MEFF1NT0KZQU"
95 http request GET https://registry.npmjs.org/webkit-devtools-agent
96 http 304 https://registry.npmjs.org/webkit-devtools-agent
97 silly get cb [ 304,
97 silly get   { server: 'CouchDB/1.5.0 (Erlang OTP/R16B03)',
97 silly get     etag: '"1X3N1JZXNW0C7MEFF1NT0KZQU"',
97 silly get     'cache-control': 'max-age=60',
97 silly get     'accept-ranges': 'bytes',
97 silly get     date: 'Thu, 23 Jul 2015 16:00:23 GMT',
97 silly get     via: '1.1 varnish',
97 silly get     connection: 'keep-alive',
97 silly get     'x-served-by': 'cache-fra1244-FRA',
97 silly get     'x-cache': 'MISS',
97 silly get     'x-cache-hits': '0',
97 silly get     'x-timer': 'S1437667223.249857,VS0,VE396' } ]
98 verbose etag https://registry.npmjs.org/webkit-devtools-agent from cache
99 verbose get saving webkit-devtools-agent to /Users/abelchalier/.npm/registry.npmjs.org/webkit-devtools-agent/.cache.json
100 silly addNameRange number 2 { name: 'webkit-devtools-agent', range: '*', hasData: true }
101 silly addNameRange versions [ 'webkit-devtools-agent',
101 silly addNameRange   [ '0.0.1',
101 silly addNameRange     '0.0.2',
101 silly addNameRange     '0.0.3',
101 silly addNameRange     '0.0.4',
101 silly addNameRange     '0.1.0',
101 silly addNameRange     '0.1.1',
101 silly addNameRange     '0.1.2',
101 silly addNameRange     '0.2.0',
101 silly addNameRange     '0.2.1',
101 silly addNameRange     '0.2.2',
101 silly addNameRange     '0.2.3',
101 silly addNameRange     '0.2.4',
101 silly addNameRange     '0.2.5',
101 silly addNameRange     '0.3.0',
101 silly addNameRange     '0.3.1' ] ]
102 silly addNamed webkit-devtools-agent@0.3.1
103 verbose addNamed "0.3.1" is a plain semver version for webkit-devtools-agent
104 silly cache afterAdd webkit-devtools-agent@0.3.1
105 verbose afterAdd /Users/abelchalier/.npm/webkit-devtools-agent/0.3.1/package/package.json not in flight; writing
106 verbose afterAdd /Users/abelchalier/.npm/webkit-devtools-agent/0.3.1/package/package.json written
107 silly install resolved [ { name: 'webkit-devtools-agent',
107 silly install resolved     description: 'Webkit devtools agent that leverages remote debugging and profiling of nodejs applications using the built-in webkit inspector.',
107 silly install resolved     keywords:
107 silly install resolved      [ 'devtools',
107 silly install resolved        'agent',
107 silly install resolved        'webkit',
107 silly install resolved        'debugger',
107 silly install resolved        'profiler',
107 silly install resolved        'remote',
107 silly install resolved        'v8' ],
107 silly install resolved     homepage: 'http://github.com/c4milo/node-webkit-agent',
107 silly install resolved     version: '0.3.1',
107 silly install resolved     author: { name: 'Camilo Aguilar' },
107 silly install resolved     repository:
107 silly install resolved      { type: 'git',
107 silly install resolved        url: 'git://github.com/c4milo/node-webkit-agent' },
107 silly install resolved     engines: { node: '>= 0.6.0' },
107 silly install resolved     devDependencies: { mocha: '1.14.0', should: '0.6.0' },
107 silly install resolved     dependencies: { ws: '0.4.31', underscore: '1.3.3' },
107 silly install resolved     main: 'index',
107 silly install resolved     scripts: { install: 'node-gyp rebuild' },
107 silly install resolved     gypfile: true,
107 silly install resolved     contributors:
107 silly install resolved      [ [Object],
107 silly install resolved        [Object],
107 silly install resolved        [Object],
107 silly install resolved        [Object],
107 silly install resolved        [Object],
107 silly install resolved        [Object],
107 silly install resolved        [Object],
107 silly install resolved        [Object],
107 silly install resolved        [Object],
107 silly install resolved        [Object] ],
107 silly install resolved     gitHead: '6d8863dfac1ac446ff88005a9c3e3c50a5c29df6',
107 silly install resolved     bugs: { url: 'https://github.com/c4milo/node-webkit-agent/issues' },
107 silly install resolved     _id: 'webkit-devtools-agent@0.3.1',
107 silly install resolved     _shasum: '06625a33f2c8ee1dc37b7c836fc850f6747c8490',
107 silly install resolved     _from: 'webkit-devtools-agent@*',
107 silly install resolved     _npmVersion: '1.4.14',
107 silly install resolved     _npmUser: { name: 'c4milo', email: 'camilo.aguilar@gmail.com' },
107 silly install resolved     maintainers: [ [Object] ],
107 silly install resolved     dist:
107 silly install resolved      { shasum: '06625a33f2c8ee1dc37b7c836fc850f6747c8490',
107 silly install resolved        tarball: 'http://registry.npmjs.org/webkit-devtools-agent/-/webkit-devtools-agent-0.3.1.tgz' },
107 silly install resolved     directories: {},
107 silly install resolved     _resolved: 'https://registry.npmjs.org/webkit-devtools-agent/-/webkit-devtools-agent-0.3.1.tgz',
107 silly install resolved     readme: 'ERROR: No README data found!' } ]
108 info install webkit-devtools-agent@0.3.1 into /Users/abelchalier/Desktop/EDSN
109 info installOne webkit-devtools-agent@0.3.1
110 verbose installOne of webkit-devtools-agent to /Users/abelchalier/Desktop/EDSN not in flight; installing
111 verbose lock using /Users/abelchalier/.npm/_locks/webkit-devtools-agent-0cb63be044fb87e7.lock for /Users/abelchalier/Desktop/EDSN/node_modules/webkit-devtools-agent
112 silly install write writing webkit-devtools-agent 0.3.1 to /Users/abelchalier/Desktop/EDSN/node_modules/webkit-devtools-agent
113 verbose unbuild node_modules/webkit-devtools-agent
114 silly gentlyRm /Users/abelchalier/Desktop/EDSN/node_modules/webkit-devtools-agent is being purged from base /Users/abelchalier/Desktop/EDSN
115 verbose gentlyRm don't care about contents; nuking /Users/abelchalier/Desktop/EDSN/node_modules/webkit-devtools-agent
116 verbose tar unpack /Users/abelchalier/.npm/webkit-devtools-agent/0.3.1/package.tgz
117 verbose tar unpacking to /Users/abelchalier/Desktop/EDSN/node_modules/webkit-devtools-agent
118 silly gentlyRm /Users/abelchalier/Desktop/EDSN/node_modules/webkit-devtools-agent is being purged
119 verbose gentlyRm don't care about contents; nuking /Users/abelchalier/Desktop/EDSN/node_modules/webkit-devtools-agent
120 silly gunzTarPerm modes [ '755', '644' ]
121 silly gunzTarPerm extractEntry package.json
122 silly gunzTarPerm extractEntry .npmignore
123 silly gunzTarPerm extractEntry README.md
124 silly gunzTarPerm extractEntry index.js
125 silly gunzTarPerm extractEntry example.js
126 silly gunzTarPerm extractEntry webkit-devtools-agent.js
127 silly gunzTarPerm extractEntry .editorconfig
128 silly gunzTarPerm extractEntry lib/console.js
129 silly gunzTarPerm extractEntry lib/helpers.js
130 silly gunzTarPerm extractEntry lib/index.js
131 silly gunzTarPerm extractEntry lib/inspector.js
132 silly gunzTarPerm extractEntry lib/timeline.js
133 silly gunzTarPerm extractEntry lib/page.js
134 silly gunzTarPerm extractEntry lib/profiler.js
135 silly gunzTarPerm extractEntry lib/runtime.js
136 silly gunzTarPerm extractEntry lib/v8-profiler.js
137 silly gunzTarPerm extractEntry lib/network.js
138 silly gunzTarPerm extractEntry lib/debugger/debugger-client.js
139 silly gunzTarPerm extractEntry lib/debugger/index.js
140 silly gunzTarPerm extractEntry lib/debugger/translator.js
141 silly gunzTarPerm extractEntry binding.gyp
142 silly gunzTarPerm extractEntry AUTHORS
143 silly gunzTarPerm extractEntry src/profile_node.cc
144 silly gunzTarPerm extractEntry src/cpu_profiler.cc
145 silly gunzTarPerm extractEntry src/heap_profiler.cc
146 silly gunzTarPerm extractEntry src/heap_profiler.h
147 silly gunzTarPerm extractEntry src/profile.cc
148 silly gunzTarPerm extractEntry src/profile.h
149 silly gunzTarPerm extractEntry src/cpu_profiler.h
150 silly gunzTarPerm extractEntry src/profile_node.h
151 silly gunzTarPerm extractEntry src/profiler.cc
152 silly gunzTarPerm extractEntry src/readme.md
153 silly gunzTarPerm extractEntry src/snapshot.cc
154 silly gunzTarPerm extractEntry src/snapshot.h
155 silly gunzTarPerm extractEntry src/wscript
156 silly gunzTarPerm extractEntry wscript
157 verbose write writing to /Users/abelchalier/Desktop/EDSN/node_modules/webkit-devtools-agent/package.json
158 info preinstall webkit-devtools-agent@0.3.1
159 verbose readDependencies loading dependencies from /Users/abelchalier/Desktop/EDSN/node_modules/webkit-devtools-agent/package.json
160 silly prepareForInstallMany adding ws@0.4.31 from webkit-devtools-agent dependencies
161 silly prepareForInstallMany adding underscore@1.3.3 from webkit-devtools-agent dependencies
162 verbose readDependencies loading dependencies from /Users/abelchalier/Desktop/EDSN/node_modules/webkit-devtools-agent/package.json
163 silly cache add args [ 'ws@0.4.31', null ]
164 verbose cache add spec ws@0.4.31
165 silly cache add args [ 'underscore@1.3.3', null ]
166 verbose cache add spec underscore@1.3.3
167 silly cache add parsed spec { raw: 'ws@0.4.31',
167 silly cache add   scope: null,
167 silly cache add   name: 'ws',
167 silly cache add   rawSpec: '0.4.31',
167 silly cache add   spec: '0.4.31',
167 silly cache add   type: 'version' }
168 silly addNamed ws@0.4.31
169 verbose addNamed "0.4.31" is a plain semver version for ws
170 silly mapToRegistry name ws
171 silly mapToRegistry using default registry
172 silly mapToRegistry registry https://registry.npmjs.org/
173 silly mapToRegistry uri https://registry.npmjs.org/ws
174 verbose addNameVersion registry:https://registry.npmjs.org/ws not in flight; fetching
175 silly cache add parsed spec { raw: 'underscore@1.3.3',
175 silly cache add   scope: null,
175 silly cache add   name: 'underscore',
175 silly cache add   rawSpec: '1.3.3',
175 silly cache add   spec: '1.3.3',
175 silly cache add   type: 'version' }
176 silly addNamed underscore@1.3.3
177 verbose addNamed "1.3.3" is a plain semver version for underscore
178 silly mapToRegistry name underscore
179 silly mapToRegistry using default registry
180 silly mapToRegistry registry https://registry.npmjs.org/
181 silly mapToRegistry uri https://registry.npmjs.org/underscore
182 verbose addNameVersion registry:https://registry.npmjs.org/underscore not in flight; fetching
183 verbose request uri https://registry.npmjs.org/ws
184 verbose request no auth needed
185 info attempt registry request try #1 at 18:00:23
186 verbose request using bearer token for auth
187 verbose etag "7VOKBOSMVQLYSEI4L134YQMWD"
188 http request GET https://registry.npmjs.org/ws
189 verbose request uri https://registry.npmjs.org/underscore
190 verbose request no auth needed
191 info attempt registry request try #1 at 18:00:23
192 verbose request using bearer token for auth
193 verbose etag "CVUBWYO6DNN77U6X6NT1N1M2A"
194 http request GET https://registry.npmjs.org/underscore
195 http 304 https://registry.npmjs.org/ws
196 silly get cb [ 304,
196 silly get   { server: 'CouchDB/1.5.0 (Erlang OTP/R16B03)',
196 silly get     etag: '"7VOKBOSMVQLYSEI4L134YQMWD"',
196 silly get     'cache-control': 'max-age=60',
196 silly get     'accept-ranges': 'bytes',
196 silly get     date: 'Thu, 23 Jul 2015 16:00:24 GMT',
196 silly get     via: '1.1 varnish',
196 silly get     connection: 'keep-alive',
196 silly get     'x-served-by': 'cache-fra1240-FRA',
196 silly get     'x-cache': 'MISS',
196 silly get     'x-cache-hits': '0',
196 silly get     'x-timer': 'S1437667224.173473,VS0,VE181' } ]
197 verbose etag https://registry.npmjs.org/ws from cache
198 verbose get saving ws to /Users/abelchalier/.npm/registry.npmjs.org/ws/.cache.json
199 silly cache afterAdd ws@0.4.31
200 verbose afterAdd /Users/abelchalier/.npm/ws/0.4.31/package/package.json not in flight; writing
201 verbose afterAdd /Users/abelchalier/.npm/ws/0.4.31/package/package.json written
202 http 304 https://registry.npmjs.org/underscore
203 silly get cb [ 304,
203 silly get   { server: 'CouchDB/1.5.0 (Erlang OTP/R16B03)',
203 silly get     etag: '"CVUBWYO6DNN77U6X6NT1N1M2A"',
203 silly get     'cache-control': 'max-age=60',
203 silly get     'accept-ranges': 'bytes',
203 silly get     date: 'Thu, 23 Jul 2015 16:00:24 GMT',
203 silly get     via: '1.1 varnish',
203 silly get     connection: 'keep-alive',
203 silly get     'x-served-by': 'cache-fra1245-FRA',
203 silly get     'x-cache': 'MISS',
203 silly get     'x-cache-hits': '0',
203 silly get     'x-timer': 'S1437667224.178125,VS0,VE724' } ]
204 verbose etag https://registry.npmjs.org/underscore from cache
205 verbose get saving underscore to /Users/abelchalier/.npm/registry.npmjs.org/underscore/.cache.json
206 silly cache afterAdd underscore@1.3.3
207 verbose afterAdd /Users/abelchalier/.npm/underscore/1.3.3/package/package.json not in flight; writing
208 verbose afterAdd /Users/abelchalier/.npm/underscore/1.3.3/package/package.json written
209 silly install resolved [ { author:
209 silly install resolved      { name: 'Einar Otto Stangvik',
209 silly install resolved        email: 'einaros@gmail.com',
209 silly install resolved        url: 'http://2x.io' },
209 silly install resolved     name: 'ws',
209 silly install resolved     description: 'simple to use, blazing fast and thoroughly tested websocket client, server and console for node.js, up-to-date against RFC-6455',
209 silly install resolved     version: '0.4.31',
209 silly install resolved     keywords:
209 silly install resolved      [ 'Hixie',
209 silly install resolved        'HyBi',
209 silly install resolved        'Push',
209 silly install resolved        'RFC-6455',
209 silly install resolved        'WebSocket',
209 silly install resolved        'WebSockets',
209 silly install resolved        'real-time' ],
209 silly install resolved     repository: { type: 'git', url: 'git://github.com/einaros/ws.git' },
209 silly install resolved     bin: { wscat: './bin/wscat' },
209 silly install resolved     scripts:
209 silly install resolved      { test: 'make test',
209 silly install resolved        install: '(node-gyp rebuild 2> builderror.log) || (exit 0)' },
209 silly install resolved     engines: { node: '>=0.4.0' },
209 silly install resolved     dependencies:
209 silly install resolved      { commander: '~0.6.1',
209 silly install resolved        nan: '~0.3.0',
209 silly install resolved        tinycolor: '0.x',
209 silly install resolved        options: '>=0.0.5' },
209 silly install resolved     devDependencies:
209 silly install resolved      { mocha: '1.12.0',
209 silly install resolved        should: '1.2.x',
209 silly install resolved        'expect.js': '0.2.x',
209 silly install resolved        benchmark: '0.3.x',
209 silly install resolved        ansi: 'latest' },
209 silly install resolved     browser: './lib/browser.js',
209 silly install resolved     component: { scripts: [Object] },
209 silly install resolved     gypfile: true,
209 silly install resolved     bugs: { url: 'https://github.com/einaros/ws/issues' },
209 silly install resolved     _id: 'ws@0.4.31',
209 silly install resolved     dist:
209 silly install resolved      { shasum: '5a4849e7a9ccd1ed5a81aeb4847c9fedf3122927',
209 silly install resolved        tarball: 'http://registry.npmjs.org/ws/-/ws-0.4.31.tgz' },
209 silly install resolved     _from: 'ws@0.4.31',
209 silly install resolved     _npmVersion: '1.3.5',
209 silly install resolved     _npmUser: { name: 'V1', email: 'info@3rd-Eden.com' },
209 silly install resolved     maintainers: [ [Object], [Object] ],
209 silly install resolved     directories: {},
209 silly install resolved     _shasum: '5a4849e7a9ccd1ed5a81aeb4847c9fedf3122927',
209 silly install resolved     _resolved: 'https://registry.npmjs.org/ws/-/ws-0.4.31.tgz',
209 silly install resolved     readme: 'ERROR: No README data found!',
209 silly install resolved     homepage: 'https://github.com/einaros/ws' },
209 silly install resolved   { name: 'underscore',
209 silly install resolved     description: 'JavaScript\'s functional programming helper library.',
209 silly install resolved     homepage: 'http://documentcloud.github.com/underscore/',
209 silly install resolved     keywords: [ 'util', 'functional', 'server', 'client', 'browser' ],
209 silly install resolved     author: { name: 'Jeremy Ashkenas', email: 'jeremy@documentcloud.org' },
209 silly install resolved     repository:
209 silly install resolved      { type: 'git',
209 silly install resolved        url: 'git://github.com/documentcloud/underscore.git' },
209 silly install resolved     main: 'underscore.js',
209 silly install resolved     version: '1.3.3',
209 silly install resolved     _npmUser: { name: 'jashkenas', email: 'jashkenas@gmail.com' },
209 silly install resolved     _id: 'underscore@1.3.3',
209 silly install resolved     dependencies: {},
209 silly install resolved     devDependencies: {},
209 silly install resolved     optionalDependencies: {},
209 silly install resolved     engines: { node: '*' },
209 silly install resolved     _engineSupported: true,
209 silly install resolved     _npmVersion: '1.1.1',
209 silly install resolved     _nodeVersion: 'v0.6.11',
209 silly install resolved     _defaultsLoaded: true,
209 silly install resolved     dist:
209 silly install resolved      { shasum: '47ac53683daf832bfa952e1774417da47817ae42',
209 silly install resolved        tarball: 'http://registry.npmjs.org/underscore/-/underscore-1.3.3.tgz' },
209 silly install resolved     maintainers: [ [Object], [Object] ],
209 silly install resolved     directories: {},
209 silly install resolved     _shasum: '47ac53683daf832bfa952e1774417da47817ae42',
209 silly install resolved     _resolved: 'https://registry.npmjs.org/underscore/-/underscore-1.3.3.tgz',
209 silly install resolved     _from: 'underscore@1.3.3',
209 silly install resolved     bugs: { url: 'https://github.com/documentcloud/underscore/issues' },
209 silly install resolved     readme: 'ERROR: No README data found!' } ]
210 info install ws@0.4.31 into /Users/abelchalier/Desktop/EDSN/node_modules/webkit-devtools-agent
211 info install underscore@1.3.3 into /Users/abelchalier/Desktop/EDSN/node_modules/webkit-devtools-agent
212 info installOne ws@0.4.31
213 verbose installOne of ws to /Users/abelchalier/Desktop/EDSN/node_modules/webkit-devtools-agent not in flight; installing
214 info installOne underscore@1.3.3
215 verbose installOne of underscore to /Users/abelchalier/Desktop/EDSN/node_modules/webkit-devtools-agent not in flight; installing
216 verbose lock using /Users/abelchalier/.npm/_locks/ws-bbff591d5243f004.lock for /Users/abelchalier/Desktop/EDSN/node_modules/webkit-devtools-agent/node_modules/ws
217 silly install write writing ws 0.4.31 to /Users/abelchalier/Desktop/EDSN/node_modules/webkit-devtools-agent/node_modules/ws
218 verbose lock using /Users/abelchalier/.npm/_locks/underscore-cccfb98c06f597ff.lock for /Users/abelchalier/Desktop/EDSN/node_modules/webkit-devtools-agent/node_modules/underscore
219 silly install write writing underscore 1.3.3 to /Users/abelchalier/Desktop/EDSN/node_modules/webkit-devtools-agent/node_modules/underscore
220 verbose unbuild node_modules/webkit-devtools-agent/node_modules/ws
221 verbose unbuild node_modules/webkit-devtools-agent/node_modules/underscore
222 silly gentlyRm /Users/abelchalier/Desktop/EDSN/node_modules/webkit-devtools-agent/node_modules/ws is being purged from base /Users/abelchalier/Desktop/EDSN
223 verbose gentlyRm don't care about contents; nuking /Users/abelchalier/Desktop/EDSN/node_modules/webkit-devtools-agent/node_modules/ws
224 silly gentlyRm /Users/abelchalier/Desktop/EDSN/node_modules/webkit-devtools-agent/node_modules/underscore is being purged from base /Users/abelchalier/Desktop/EDSN
225 verbose gentlyRm don't care about contents; nuking /Users/abelchalier/Desktop/EDSN/node_modules/webkit-devtools-agent/node_modules/underscore
226 verbose tar unpack /Users/abelchalier/.npm/ws/0.4.31/package.tgz
227 verbose tar unpacking to /Users/abelchalier/Desktop/EDSN/node_modules/webkit-devtools-agent/node_modules/ws
228 silly gentlyRm /Users/abelchalier/Desktop/EDSN/node_modules/webkit-devtools-agent/node_modules/ws is being purged
229 verbose gentlyRm don't care about contents; nuking /Users/abelchalier/Desktop/EDSN/node_modules/webkit-devtools-agent/node_modules/ws
230 verbose tar unpack /Users/abelchalier/.npm/underscore/1.3.3/package.tgz
231 verbose tar unpacking to /Users/abelchalier/Desktop/EDSN/node_modules/webkit-devtools-agent/node_modules/underscore
232 silly gentlyRm /Users/abelchalier/Desktop/EDSN/node_modules/webkit-devtools-agent/node_modules/underscore is being purged
233 verbose gentlyRm don't care about contents; nuking /Users/abelchalier/Desktop/EDSN/node_modules/webkit-devtools-agent/node_modules/underscore
234 silly gunzTarPerm modes [ '755', '644' ]
235 silly gunzTarPerm modes [ '755', '644' ]
236 silly gunzTarPerm extractEntry package.json
237 silly gunzTarPerm extractEntry .npmignore
238 silly gunzTarPerm extractEntry .npmignore
239 silly gunzTarPerm extractEntry README.md
240 silly gunzTarPerm extractEntry CNAME
241 silly gunzTarPerm extractEntry favicon.ico
242 silly gunzTarPerm extractEntry index.js
243 silly gunzTarPerm extractEntry test/BufferPool.test.js
244 silly gunzTarPerm extractEntry index.html
245 silly gunzTarPerm extractEntry index.js
246 silly gunzTarPerm extractEntry test/Sender.hixie.test.js
247 silly gunzTarPerm extractEntry test/Sender.test.js
248 silly gunzTarPerm extractEntry test/Validation.test.js
249 silly gunzTarPerm extractEntry test/Receiver.test.js
250 silly gunzTarPerm extractEntry test/Receiver.hixie.test.js
251 silly gunzTarPerm extractEntry test/WebSocketServer.test.js
252 silly gunzTarPerm extractEntry test/autobahn-server.js
253 silly gunzTarPerm extractEntry test/autobahn.js
254 silly gunzTarPerm extractEntry test/hybi-common.js
255 silly gunzTarPerm extractEntry test/WebSocket.integration.js
256 silly gunzTarPerm extractEntry test/testserver.js
257 silly gunzTarPerm extractEntry test/WebSocket.test.js
258 silly gunzTarPerm extractEntry test/fixtures/agent1-cert.pem
259 silly gunzTarPerm extractEntry test/fixtures/agent1-key.pem
260 silly gunzTarPerm extractEntry test/fixtures/ca1-cert.pem
261 silly gunzTarPerm extractEntry test/fixtures/ca1-key.pem
262 silly gunzTarPerm extractEntry test/fixtures/certificate.pem
263 silly gunzTarPerm extractEntry test/fixtures/key.pem
264 silly gunzTarPerm extractEntry test/fixtures/request.pem
265 silly gunzTarPerm extractEntry test/fixtures/textfile
266 silly gunzTarPerm extractEntry bench/parser.benchmark.js
267 silly gunzTarPerm extractEntry bench/sender.benchmark.js
268 silly gunzTarPerm extractEntry bench/speed.js
269 silly gunzTarPerm extractEntry bench/util.js
270 silly gunzTarPerm extractEntry bin/wscat
271 silly gunzTarPerm extractEntry .travis.yml
272 silly gunzTarPerm extractEntry doc/ws.md
273 silly gunzTarPerm extractEntry examples/ssl.js
274 silly gunzTarPerm extractEntry examples/fileapi/package.json
275 silly gunzTarPerm extractEntry examples/fileapi/.npmignore
276 silly gunzTarPerm extractEntry examples/fileapi/server.js
277 silly gunzTarPerm extractEntry examples/fileapi/public/app.js
278 silly gunzTarPerm extractEntry examples/fileapi/public/uploader.js
279 silly gunzTarPerm extractEntry examples/fileapi/public/index.html
280 silly gunzTarPerm extractEntry examples/serverstats/package.json
281 silly gunzTarPerm extractEntry examples/serverstats/server.js
282 silly gunzTarPerm extractEntry examples/serverstats/public/index.html
283 silly gunzTarPerm extractEntry examples/serverstats-express_3/package.json
284 silly gunzTarPerm extractEntry examples/serverstats-express_3/server.js
285 silly gunzTarPerm extractEntry examples/serverstats-express_3/public/index.html
286 silly gunzTarPerm extractEntry History.md
287 silly gunzTarPerm extractEntry lib/BufferPool.js
288 silly gunzTarPerm extractEntry lib/ErrorCodes.js
289 silly gunzTarPerm extractEntry lib/Receiver.hixie.js
290 silly gunzTarPerm extractEntry lib/Receiver.js
291 silly gunzTarPerm extractEntry lib/BufferUtil.js
292 silly gunzTarPerm extractEntry lib/Sender.js
293 silly gunzTarPerm extractEntry lib/Validation.fallback.js
294 silly gunzTarPerm extractEntry lib/Validation.js
295 silly gunzTarPerm extractEntry lib/WebSocket.js
296 silly gunzTarPerm extractEntry lib/WebSocketServer.js
297 silly gunzTarPerm extractEntry lib/BufferUtil.fallback.js
298 silly gunzTarPerm extractEntry lib/browser.js
299 silly gunzTarPerm extractEntry lib/Sender.hixie.js
300 silly gunzTarPerm extractEntry Makefile
301 silly gunzTarPerm extractEntry src/bufferutil.cc
302 silly gunzTarPerm extractEntry src/validation.cc
303 silly gunzTarPerm extractEntry binding.gyp
304 silly gunzTarPerm extractEntry LICENSE
305 silly gunzTarPerm extractEntry package.json
306 silly gunzTarPerm extractEntry raw/
307 silly gunzTarPerm extractEntry raw/underscore.psd
308 silly gunzTarPerm extractEntry README.md
309 silly gunzTarPerm extractEntry underscore-min.js
310 silly gunzTarPerm extractEntry underscore.js
311 verbose write writing to /Users/abelchalier/Desktop/EDSN/node_modules/webkit-devtools-agent/node_modules/underscore/package.json
312 info preinstall underscore@1.3.3
313 verbose readDependencies loading dependencies from /Users/abelchalier/Desktop/EDSN/node_modules/webkit-devtools-agent/node_modules/underscore/package.json
314 verbose readDependencies loading dependencies from /Users/abelchalier/Desktop/EDSN/node_modules/webkit-devtools-agent/node_modules/underscore/package.json
315 silly install resolved []
316 verbose about to build /Users/abelchalier/Desktop/EDSN/node_modules/webkit-devtools-agent/node_modules/underscore
317 info build /Users/abelchalier/Desktop/EDSN/node_modules/webkit-devtools-agent/node_modules/underscore
318 info linkStuff underscore@1.3.3
319 silly linkStuff underscore@1.3.3 has /Users/abelchalier/Desktop/EDSN/node_modules/webkit-devtools-agent/node_modules as its parent node_modules
320 verbose linkBins underscore@1.3.3
321 verbose linkMans underscore@1.3.3
322 verbose rebuildBundles underscore@1.3.3
323 info install underscore@1.3.3
324 info postinstall underscore@1.3.3
325 verbose unlock done using /Users/abelchalier/.npm/_locks/underscore-cccfb98c06f597ff.lock for /Users/abelchalier/Desktop/EDSN/node_modules/webkit-devtools-agent/node_modules/underscore
326 verbose write writing to /Users/abelchalier/Desktop/EDSN/node_modules/webkit-devtools-agent/node_modules/ws/package.json
327 info preinstall ws@0.4.31
328 verbose readDependencies loading dependencies from /Users/abelchalier/Desktop/EDSN/node_modules/webkit-devtools-agent/node_modules/ws/package.json
329 silly prepareForInstallMany adding commander@~0.6.1 from ws dependencies
330 silly prepareForInstallMany adding nan@~0.3.0 from ws dependencies
331 silly prepareForInstallMany adding tinycolor@0.x from ws dependencies
332 silly prepareForInstallMany adding options@>=0.0.5 from ws dependencies
333 verbose readDependencies loading dependencies from /Users/abelchalier/Desktop/EDSN/node_modules/webkit-devtools-agent/node_modules/ws/package.json
334 silly cache add args [ 'commander@~0.6.1', null ]
335 verbose cache add spec commander@~0.6.1
336 silly cache add args [ 'nan@~0.3.0', null ]
337 verbose cache add spec nan@~0.3.0
338 silly cache add parsed spec { raw: 'commander@~0.6.1',
338 silly cache add   scope: null,
338 silly cache add   name: 'commander',
338 silly cache add   rawSpec: '~0.6.1',
338 silly cache add   spec: '>=0.6.1 <0.7.0',
338 silly cache add   type: 'range' }
339 silly addNamed commander@>=0.6.1 <0.7.0
340 verbose addNamed ">=0.6.1 <0.7.0" is a valid semver range for commander
341 silly addNameRange { name: 'commander', range: '>=0.6.1 <0.7.0', hasData: false }
342 silly mapToRegistry name commander
343 silly mapToRegistry using default registry
344 silly mapToRegistry registry https://registry.npmjs.org/
345 silly mapToRegistry uri https://registry.npmjs.org/commander
346 verbose addNameRange registry:https://registry.npmjs.org/commander not in flight; fetching
347 silly cache add parsed spec { raw: 'nan@~0.3.0',
347 silly cache add   scope: null,
347 silly cache add   name: 'nan',
347 silly cache add   rawSpec: '~0.3.0',
347 silly cache add   spec: '>=0.3.0 <0.4.0',
347 silly cache add   type: 'range' }
348 silly addNamed nan@>=0.3.0 <0.4.0
349 verbose addNamed ">=0.3.0 <0.4.0" is a valid semver range for nan
350 silly addNameRange { name: 'nan', range: '>=0.3.0 <0.4.0', hasData: false }
351 silly mapToRegistry name nan
352 silly mapToRegistry using default registry
353 silly mapToRegistry registry https://registry.npmjs.org/
354 silly mapToRegistry uri https://registry.npmjs.org/nan
355 verbose addNameRange registry:https://registry.npmjs.org/nan not in flight; fetching
356 silly cache add args [ 'tinycolor@0.x', null ]
357 verbose cache add spec tinycolor@0.x
358 silly cache add parsed spec { raw: 'tinycolor@0.x',
358 silly cache add   scope: null,
358 silly cache add   name: 'tinycolor',
358 silly cache add   rawSpec: '0.x',
358 silly cache add   spec: '>=0.0.0 <1.0.0',
358 silly cache add   type: 'range' }
359 silly addNamed tinycolor@>=0.0.0 <1.0.0
360 verbose addNamed ">=0.0.0 <1.0.0" is a valid semver range for tinycolor
361 silly addNameRange { name: 'tinycolor', range: '>=0.0.0 <1.0.0', hasData: false }
362 silly mapToRegistry name tinycolor
363 silly mapToRegistry using default registry
364 silly mapToRegistry registry https://registry.npmjs.org/
365 silly mapToRegistry uri https://registry.npmjs.org/tinycolor
366 verbose addNameRange registry:https://registry.npmjs.org/tinycolor not in flight; fetching
367 silly cache add args [ 'options@>=0.0.5', null ]
368 verbose cache add spec options@>=0.0.5
369 silly cache add parsed spec { raw: 'options@>=0.0.5',
369 silly cache add   scope: null,
369 silly cache add   name: 'options',
369 silly cache add   rawSpec: '>=0.0.5',
369 silly cache add   spec: '>=0.0.5',
369 silly cache add   type: 'range' }
370 silly addNamed options@>=0.0.5
371 verbose addNamed ">=0.0.5" is a valid semver range for options
372 silly addNameRange { name: 'options', range: '>=0.0.5', hasData: false }
373 silly mapToRegistry name options
374 silly mapToRegistry using default registry
375 silly mapToRegistry registry https://registry.npmjs.org/
376 silly mapToRegistry uri https://registry.npmjs.org/options
377 verbose addNameRange registry:https://registry.npmjs.org/options not in flight; fetching
378 verbose request uri https://registry.npmjs.org/commander
379 verbose request no auth needed
380 info attempt registry request try #1 at 18:00:25
381 verbose request using bearer token for auth
382 verbose etag "ALOJNMF2KDW8K7MGQTVCC76F"
383 http request GET https://registry.npmjs.org/commander
384 verbose request uri https://registry.npmjs.org/tinycolor
385 verbose request no auth needed
386 info attempt registry request try #1 at 18:00:25
387 verbose request using bearer token for auth
388 verbose etag "7Q55AK0YV957DH6ZT14LNQOJW"
389 http request GET https://registry.npmjs.org/tinycolor
390 verbose request uri https://registry.npmjs.org/options
391 verbose request no auth needed
392 info attempt registry request try #1 at 18:00:25
393 verbose request using bearer token for auth
394 verbose etag "7ORP99NHTFG329ZZWKJCRT1MV"
395 http request GET https://registry.npmjs.org/options
396 verbose request uri https://registry.npmjs.org/nan
397 verbose request no auth needed
398 info attempt registry request try #1 at 18:00:25
399 verbose request using bearer token for auth
400 verbose etag "9T2TEINHQE1CYR42PWQNCEY3X"
401 http request GET https://registry.npmjs.org/nan
402 http 304 https://registry.npmjs.org/commander
403 silly get cb [ 304,
403 silly get   { server: 'CouchDB/1.5.0 (Erlang OTP/R16B03)',
403 silly get     etag: '"ALOJNMF2KDW8K7MGQTVCC76F"',
403 silly get     'cache-control': 'max-age=60',
403 silly get     'accept-ranges': 'bytes',
403 silly get     date: 'Thu, 23 Jul 2015 16:00:25 GMT',
403 silly get     via: '1.1 varnish',
403 silly get     connection: 'keep-alive',
403 silly get     'x-served-by': 'cache-fra1244-FRA',
403 silly get     'x-cache': 'MISS',
403 silly get     'x-cache-hits': '0',
403 silly get     'x-timer': 'S1437667225.286535,VS0,VE100' } ]
404 verbose etag https://registry.npmjs.org/commander from cache
405 verbose get saving commander to /Users/abelchalier/.npm/registry.npmjs.org/commander/.cache.json
406 silly addNameRange number 2 { name: 'commander', range: '>=0.6.1 <0.7.0', hasData: true }
407 silly addNameRange versions [ 'commander',
407 silly addNameRange   [ '0.0.1',
407 silly addNameRange     '0.0.3',
407 silly addNameRange     '0.0.4',
407 silly addNameRange     '0.0.5',
407 silly addNameRange     '0.1.0',
407 silly addNameRange     '0.2.0',
407 silly addNameRange     '0.2.1',
407 silly addNameRange     '0.3.0',
407 silly addNameRange     '0.3.1',
407 silly addNameRange     '0.3.2',
407 silly addNameRange     '0.3.3',
407 silly addNameRange     '0.4.0',
407 silly addNameRange     '0.4.1',
407 silly addNameRange     '0.4.2',
407 silly addNameRange     '0.4.3',
407 silly addNameRange     '0.5.0',
407 silly addNameRange     '0.5.1',
407 silly addNameRange     '0.6.0',
407 silly addNameRange     '0.6.1',
407 silly addNameRange     '0.5.2',
407 silly addNameRange     '1.0.0',
407 silly addNameRange     '1.0.1',
407 silly addNameRange     '1.0.2',
407 silly addNameRange     '1.0.3',
407 silly addNameRange     '1.0.4',
407 silly addNameRange     '1.0.5',
407 silly addNameRange     '1.1.0',
407 silly addNameRange     '1.1.1',
407 silly addNameRange     '1.2.0',
407 silly addNameRange     '1.3.0',
407 silly addNameRange     '1.3.1',
407 silly addNameRange     '1.3.2',
407 silly addNameRange     '2.0.0',
407 silly addNameRange     '2.1.0',
407 silly addNameRange     '2.2.0',
407 silly addNameRange     '2.3.0',
407 silly addNameRange     '2.4.0',
407 silly addNameRange     '2.5.0',
407 silly addNameRange     '2.5.1',
407 silly addNameRange     '2.6.0',
407 silly addNameRange     '2.7.0',
407 silly addNameRange     '2.7.1',
407 silly addNameRange     '2.8.0',
407 silly addNameRange     '2.8.1' ] ]
408 silly addNamed commander@0.6.1
409 verbose addNamed "0.6.1" is a plain semver version for commander
410 silly cache afterAdd commander@0.6.1
411 verbose afterAdd /Users/abelchalier/.npm/commander/0.6.1/package/package.json not in flight; writing
412 verbose afterAdd /Users/abelchalier/.npm/commander/0.6.1/package/package.json written
413 http 304 https://registry.npmjs.org/tinycolor
414 silly get cb [ 304,
414 silly get   { server: 'CouchDB/1.5.0 (Erlang OTP/R16B03)',
414 silly get     etag: '"7Q55AK0YV957DH6ZT14LNQOJW"',
414 silly get     'cache-control': 'max-age=60',
414 silly get     'accept-ranges': 'bytes',
414 silly get     date: 'Thu, 23 Jul 2015 16:00:25 GMT',
414 silly get     via: '1.1 varnish',
414 silly get     connection: 'keep-alive',
414 silly get     'x-served-by': 'cache-fra1228-FRA',
414 silly get     'x-cache': 'MISS',
414 silly get     'x-cache-hits': '0',
414 silly get     'x-timer': 'S1437667225.292197,VS0,VE176' } ]
415 verbose etag https://registry.npmjs.org/tinycolor from cache
416 verbose get saving tinycolor to /Users/abelchalier/.npm/registry.npmjs.org/tinycolor/.cache.json
417 silly addNameRange number 2 { name: 'tinycolor', range: '>=0.0.0 <1.0.0', hasData: true }
418 silly addNameRange versions [ 'tinycolor', [ '0.0.1' ] ]
419 silly addNamed tinycolor@0.0.1
420 verbose addNamed "0.0.1" is a plain semver version for tinycolor
421 silly cache afterAdd tinycolor@0.0.1
422 verbose afterAdd /Users/abelchalier/.npm/tinycolor/0.0.1/package/package.json not in flight; writing
423 verbose afterAdd /Users/abelchalier/.npm/tinycolor/0.0.1/package/package.json written
424 http 304 https://registry.npmjs.org/options
425 silly get cb [ 304,
425 silly get   { server: 'CouchDB/1.5.0 (Erlang OTP/R16B03)',
425 silly get     etag: '"7ORP99NHTFG329ZZWKJCRT1MV"',
425 silly get     'cache-control': 'max-age=60',
425 silly get     'accept-ranges': 'bytes',
425 silly get     date: 'Thu, 23 Jul 2015 16:00:25 GMT',
425 silly get     via: '1.1 varnish',
425 silly get     connection: 'keep-alive',
425 silly get     'x-served-by': 'cache-fra1237-FRA',
425 silly get     'x-cache': 'MISS',
425 silly get     'x-cache-hits': '0',
425 silly get     'x-timer': 'S1437667225.298193,VS0,VE179' } ]
426 verbose etag https://registry.npmjs.org/options from cache
427 verbose get saving options to /Users/abelchalier/.npm/registry.npmjs.org/options/.cache.json
428 silly addNameRange number 2 { name: 'options', range: '>=0.0.5', hasData: true }
429 silly addNameRange versions [ 'options',
429 silly addNameRange   [ '0.0.1', '0.0.2', '0.0.3', '0.0.4', '0.0.5', '0.0.6' ] ]
430 silly addNamed options@0.0.6
431 verbose addNamed "0.0.6" is a plain semver version for options
432 silly cache afterAdd options@0.0.6
433 verbose afterAdd /Users/abelchalier/.npm/options/0.0.6/package/package.json not in flight; writing
434 http 304 https://registry.npmjs.org/nan
435 silly get cb [ 304,
435 silly get   { server: 'CouchDB/1.5.0 (Erlang OTP/R16B03)',
435 silly get     etag: '"9T2TEINHQE1CYR42PWQNCEY3X"',
435 silly get     'cache-control': 'max-age=60',
435 silly get     'accept-ranges': 'bytes',
435 silly get     date: 'Thu, 23 Jul 2015 16:00:25 GMT',
435 silly get     via: '1.1 varnish',
435 silly get     connection: 'keep-alive',
435 silly get     'x-served-by': 'cache-fra1239-FRA',
435 silly get     'x-cache': 'MISS',
435 silly get     'x-cache-hits': '0',
435 silly get     'x-timer': 'S1437667225.302154,VS0,VE179' } ]
436 verbose etag https://registry.npmjs.org/nan from cache
437 verbose get saving nan to /Users/abelchalier/.npm/registry.npmjs.org/nan/.cache.json
438 verbose afterAdd /Users/abelchalier/.npm/options/0.0.6/package/package.json written
439 silly addNameRange number 2 { name: 'nan', range: '>=0.3.0 <0.4.0', hasData: true }
440 silly addNameRange versions [ 'nan',
440 silly addNameRange   [ '0.3.0-wip',
440 silly addNameRange     '0.3.0-wip2',
440 silly addNameRange     '0.3.0',
440 silly addNameRange     '0.3.1',
440 silly addNameRange     '0.3.2',
440 silly addNameRange     '0.4.0',
440 silly addNameRange     '0.4.1',
440 silly addNameRange     '0.4.2',
440 silly addNameRange     '0.4.3',
440 silly addNameRange     '0.4.4',
440 silly addNameRange     '0.5.0',
440 silly addNameRange     '0.5.1',
440 silly addNameRange     '0.5.2',
440 silly addNameRange     '0.6.0',
440 silly addNameRange     '0.7.0',
440 silly addNameRange     '0.7.1',
440 silly addNameRange     '0.8.0',
440 silly addNameRange     '1.0.0',
440 silly addNameRange     '1.1.0',
440 silly addNameRange     '1.1.1',
440 silly addNameRange     '1.1.2',
440 silly addNameRange     '1.2.0',
440 silly addNameRange     '1.3.0',
440 silly addNameRange     '1.4.0',
440 silly addNameRange     '1.4.1',
440 silly addNameRange     '1.5.0',
440 silly addNameRange     '1.4.2',
440 silly addNameRange     '1.4.3',
440 silly addNameRange     '1.5.1',
440 silly addNameRange     '1.5.2',
440 silly addNameRange     '1.6.0',
440 silly addNameRange     '1.5.3',
440 silly addNameRange     '1.6.1',
440 silly addNameRange     '1.6.2',
440 silly addNameRange     '1.7.0',
440 silly addNameRange     '1.8.0',
440 silly addNameRange     '1.8.1',
440 silly addNameRange     '1.8.2',
440 silly addNameRange     '1.8.3',
440 silly addNameRange     '1.8.4' ] ]
441 silly addNamed nan@0.3.2
442 verbose addNamed "0.3.2" is a plain semver version for nan
443 silly cache afterAdd nan@0.3.2
444 verbose afterAdd /Users/abelchalier/.npm/nan/0.3.2/package/package.json not in flight; writing
445 verbose afterAdd /Users/abelchalier/.npm/nan/0.3.2/package/package.json written
446 silly install resolved [ { name: 'commander',
446 silly install resolved     version: '0.6.1',
446 silly install resolved     description: 'the complete solution for node.js command-line programs',
446 silly install resolved     keywords: [ 'command', 'option', 'parser', 'prompt', 'stdin' ],
446 silly install resolved     author: { name: 'TJ Holowaychuk', email: 'tj@vision-media.ca' },
446 silly install resolved     repository:
446 silly install resolved      { type: 'git',
446 silly install resolved        url: 'git://github.com/visionmedia/commander.js.git' },
446 silly install resolved     dependencies: {},
446 silly install resolved     devDependencies: { should: '>= 0.0.1' },
446 silly install resolved     scripts: { test: 'make test' },
446 silly install resolved     main: 'index',
446 silly install resolved     engines: { node: '>= 0.4.x' },
446 silly install resolved     _npmUser: { name: 'tjholowaychuk', email: 'tj@vision-media.ca' },
446 silly install resolved     _id: 'commander@0.6.1',
446 silly install resolved     optionalDependencies: {},
446 silly install resolved     _engineSupported: true,
446 silly install resolved     _npmVersion: '1.1.0-3',
446 silly install resolved     _nodeVersion: 'v0.6.12',
446 silly install resolved     _defaultsLoaded: true,
446 silly install resolved     dist:
446 silly install resolved      { shasum: 'fa68a14f6a945d54dbbe50d8cdb3320e9e3b1a06',
446 silly install resolved        tarball: 'http://registry.npmjs.org/commander/-/commander-0.6.1.tgz' },
446 silly install resolved     maintainers: [ [Object] ],
446 silly install resolved     directories: {},
446 silly install resolved     _shasum: 'fa68a14f6a945d54dbbe50d8cdb3320e9e3b1a06',
446 silly install resolved     _resolved: 'https://registry.npmjs.org/commander/-/commander-0.6.1.tgz',
446 silly install resolved     _from: 'commander@>=0.6.1 <0.7.0',
446 silly install resolved     bugs: { url: 'https://github.com/visionmedia/commander.js/issues' },
446 silly install resolved     readme: 'ERROR: No README data found!',
446 silly install resolved     homepage: 'https://github.com/visionmedia/commander.js' },
446 silly install resolved   { author:
446 silly install resolved      { name: 'Einar Otto Stangvik',
446 silly install resolved        email: 'einaros@gmail.com',
446 silly install resolved        url: 'http://2x.io' },
446 silly install resolved     name: 'tinycolor',
446 silly install resolved     description: 'a to-the-point color module for node',
446 silly install resolved     version: '0.0.1',
446 silly install resolved     repository: { type: 'git', url: 'git://github.com/einaros/tinycolor.git' },
446 silly install resolved     engines: { node: '>=0.4.0' },
446 silly install resolved     dependencies: {},
446 silly install resolved     devDependencies: {},
446 silly install resolved     main: 'tinycolor',
446 silly install resolved     _npmUser: { name: 'einaros', email: 'einaros@gmail.com' },
446 silly install resolved     _id: 'tinycolor@0.0.1',
446 silly install resolved     _engineSupported: true,
446 silly install resolved     _npmVersion: '1.1.0-alpha-6',
446 silly install resolved     _nodeVersion: 'v0.6.5',
446 silly install resolved     _defaultsLoaded: true,
446 silly install resolved     dist:
446 silly install resolved      { shasum: '320b5a52d83abb5978d81a3e887d4aefb15a6164',
446 silly install resolved        tarball: 'http://registry.npmjs.org/tinycolor/-/tinycolor-0.0.1.tgz' },
446 silly install resolved     maintainers: [ [Object] ],
446 silly install resolved     directories: {},
446 silly install resolved     _shasum: '320b5a52d83abb5978d81a3e887d4aefb15a6164',
446 silly install resolved     _resolved: 'https://registry.npmjs.org/tinycolor/-/tinycolor-0.0.1.tgz',
446 silly install resolved     _from: 'tinycolor@>=0.0.0 <1.0.0',
446 silly install resolved     bugs: { url: 'https://github.com/einaros/tinycolor/issues' },
446 silly install resolved     readme: 'ERROR: No README data found!',
446 silly install resolved     homepage: 'https://github.com/einaros/tinycolor' },
446 silly install resolved   { author:
446 silly install resolved      { name: 'Einar Otto Stangvik',
446 silly install resolved        email: 'einaros@gmail.com',
446 silly install resolved        url: 'http://2x.io' },
446 silly install resolved     name: 'options',
446 silly install resolved     description: 'A very light-weight in-code option parsers for node.js.',
446 silly install resolved     version: '0.0.6',
446 silly install resolved     repository: { type: 'git', url: 'git://github.com/einaros/options.js.git' },
446 silly install resolved     main: 'lib/options',
446 silly install resolved     scripts: { test: 'make test' },
446 silly install resolved     engines: { node: '>=0.4.0' },
446 silly install resolved     dependencies: {},
446 silly install resolved     devDependencies: { mocha: 'latest' },
446 silly install resolved     gitHead: 'ff53d0a092c897cb95964232a96fe17da65c11af',
446 silly install resolved     bugs: { url: 'https://github.com/einaros/options.js/issues' },
446 silly install resolved     homepage: 'https://github.com/einaros/options.js',
446 silly install resolved     _id: 'options@0.0.6',
446 silly install resolved     _shasum: 'ec22d312806bb53e731773e7cdaefcf1c643128f',
446 silly install resolved     _from: 'options@>=0.0.5',
446 silly install resolved     _npmVersion: '1.4.21',
446 silly install resolved     _npmUser: { name: 'einaros', email: 'einaros@gmail.com' },
446 silly install resolved     maintainers: [ [Object] ],
446 silly install resolved     dist:
446 silly install resolved      { shasum: 'ec22d312806bb53e731773e7cdaefcf1c643128f',
446 silly install resolved        tarball: 'http://registry.npmjs.org/options/-/options-0.0.6.tgz' },
446 silly install resolved     directories: {},
446 silly install resolved     _resolved: 'https://registry.npmjs.org/options/-/options-0.0.6.tgz',
446 silly install resolved     readme: 'ERROR: No README data found!' },
446 silly install resolved   { name: 'nan',
446 silly install resolved     version: '0.3.2',
446 silly install resolved     description: 'Native Abstractions for Node.js: C++ header for Node 0.8->0.12 compatibility',
446 silly install resolved     main: '.index.js',
446 silly install resolved     repository: { type: 'git', url: 'git://github.com/rvagg/nan.git' },
446 silly install resolved     contributors: [ [Object], [Object], [Object] ],
446 silly install resolved     license: 'MIT',
446 silly install resolved     bugs: { url: 'https://github.com/rvagg/nan/issues' },
446 silly install resolved     _id: 'nan@0.3.2',
446 silly install resolved     dist:
446 silly install resolved      { shasum: '0df1935cab15369075ef160ad2894107aa14dc2d',
446 silly install resolved        tarball: 'http://registry.npmjs.org/nan/-/nan-0.3.2.tgz' },
446 silly install resolved     _from: 'nan@>=0.3.0 <0.4.0',
446 silly install resolved     _npmVersion: '1.3.8',
446 silly install resolved     _npmUser: { name: 'rvagg', email: 'rod@vagg.org' },
446 silly install resolved     maintainers: [ [Object] ],
446 silly install resolved     directories: {},
446 silly install resolved     _shasum: '0df1935cab15369075ef160ad2894107aa14dc2d',
446 silly install resolved     _resolved: 'https://registry.npmjs.org/nan/-/nan-0.3.2.tgz',
446 silly install resolved     readme: 'ERROR: No README data found!',
446 silly install resolved     homepage: 'https://github.com/rvagg/nan' } ]
447 info install commander@0.6.1 into /Users/abelchalier/Desktop/EDSN/node_modules/webkit-devtools-agent/node_modules/ws
448 info install tinycolor@0.0.1 into /Users/abelchalier/Desktop/EDSN/node_modules/webkit-devtools-agent/node_modules/ws
449 info install options@0.0.6 into /Users/abelchalier/Desktop/EDSN/node_modules/webkit-devtools-agent/node_modules/ws
450 info install nan@0.3.2 into /Users/abelchalier/Desktop/EDSN/node_modules/webkit-devtools-agent/node_modules/ws
451 info installOne commander@0.6.1
452 verbose installOne of commander to /Users/abelchalier/Desktop/EDSN/node_modules/webkit-devtools-agent/node_modules/ws not in flight; installing
453 info installOne tinycolor@0.0.1
454 verbose installOne of tinycolor to /Users/abelchalier/Desktop/EDSN/node_modules/webkit-devtools-agent/node_modules/ws not in flight; installing
455 info installOne options@0.0.6
456 verbose installOne of options to /Users/abelchalier/Desktop/EDSN/node_modules/webkit-devtools-agent/node_modules/ws not in flight; installing
457 info installOne nan@0.3.2
458 verbose installOne of nan to /Users/abelchalier/Desktop/EDSN/node_modules/webkit-devtools-agent/node_modules/ws not in flight; installing
459 verbose lock using /Users/abelchalier/.npm/_locks/commander-5d92a5e5458f41e0.lock for /Users/abelchalier/Desktop/EDSN/node_modules/webkit-devtools-agent/node_modules/ws/node_modules/commander
460 silly install write writing commander 0.6.1 to /Users/abelchalier/Desktop/EDSN/node_modules/webkit-devtools-agent/node_modules/ws/node_modules/commander
461 verbose lock using /Users/abelchalier/.npm/_locks/tinycolor-77261633bc39e56c.lock for /Users/abelchalier/Desktop/EDSN/node_modules/webkit-devtools-agent/node_modules/ws/node_modules/tinycolor
462 verbose lock using /Users/abelchalier/.npm/_locks/options-85470df392bed33b.lock for /Users/abelchalier/Desktop/EDSN/node_modules/webkit-devtools-agent/node_modules/ws/node_modules/options
463 verbose lock using /Users/abelchalier/.npm/_locks/nan-e278eab1e2a2411e.lock for /Users/abelchalier/Desktop/EDSN/node_modules/webkit-devtools-agent/node_modules/ws/node_modules/nan
464 silly install write writing tinycolor 0.0.1 to /Users/abelchalier/Desktop/EDSN/node_modules/webkit-devtools-agent/node_modules/ws/node_modules/tinycolor
465 silly install write writing options 0.0.6 to /Users/abelchalier/Desktop/EDSN/node_modules/webkit-devtools-agent/node_modules/ws/node_modules/options
466 silly install write writing nan 0.3.2 to /Users/abelchalier/Desktop/EDSN/node_modules/webkit-devtools-agent/node_modules/ws/node_modules/nan
467 verbose unbuild node_modules/webkit-devtools-agent/node_modules/ws/node_modules/commander
468 verbose unbuild node_modules/webkit-devtools-agent/node_modules/ws/node_modules/tinycolor
469 verbose unbuild node_modules/webkit-devtools-agent/node_modules/ws/node_modules/options
470 verbose unbuild node_modules/webkit-devtools-agent/node_modules/ws/node_modules/nan
471 silly gentlyRm /Users/abelchalier/Desktop/EDSN/node_modules/webkit-devtools-agent/node_modules/ws/node_modules/commander is being purged from base /Users/abelchalier/Desktop/EDSN
472 verbose gentlyRm don't care about contents; nuking /Users/abelchalier/Desktop/EDSN/node_modules/webkit-devtools-agent/node_modules/ws/node_modules/commander
473 verbose tar unpack /Users/abelchalier/.npm/commander/0.6.1/package.tgz
474 verbose tar unpacking to /Users/abelchalier/Desktop/EDSN/node_modules/webkit-devtools-agent/node_modules/ws/node_modules/commander
475 silly gentlyRm /Users/abelchalier/Desktop/EDSN/node_modules/webkit-devtools-agent/node_modules/ws/node_modules/commander is being purged
476 verbose gentlyRm don't care about contents; nuking /Users/abelchalier/Desktop/EDSN/node_modules/webkit-devtools-agent/node_modules/ws/node_modules/commander
477 silly gentlyRm /Users/abelchalier/Desktop/EDSN/node_modules/webkit-devtools-agent/node_modules/ws/node_modules/tinycolor is being purged from base /Users/abelchalier/Desktop/EDSN
478 verbose gentlyRm don't care about contents; nuking /Users/abelchalier/Desktop/EDSN/node_modules/webkit-devtools-agent/node_modules/ws/node_modules/tinycolor
479 silly gentlyRm /Users/abelchalier/Desktop/EDSN/node_modules/webkit-devtools-agent/node_modules/ws/node_modules/options is being purged from base /Users/abelchalier/Desktop/EDSN
480 verbose gentlyRm don't care about contents; nuking /Users/abelchalier/Desktop/EDSN/node_modules/webkit-devtools-agent/node_modules/ws/node_modules/options
481 silly gentlyRm /Users/abelchalier/Desktop/EDSN/node_modules/webkit-devtools-agent/node_modules/ws/node_modules/nan is being purged from base /Users/abelchalier/Desktop/EDSN
482 verbose gentlyRm don't care about contents; nuking /Users/abelchalier/Desktop/EDSN/node_modules/webkit-devtools-agent/node_modules/ws/node_modules/nan
483 silly gunzTarPerm modes [ '755', '644' ]
484 verbose tar unpack /Users/abelchalier/.npm/tinycolor/0.0.1/package.tgz
485 verbose tar unpacking to /Users/abelchalier/Desktop/EDSN/node_modules/webkit-devtools-agent/node_modules/ws/node_modules/tinycolor
486 silly gentlyRm /Users/abelchalier/Desktop/EDSN/node_modules/webkit-devtools-agent/node_modules/ws/node_modules/tinycolor is being purged
487 verbose gentlyRm don't care about contents; nuking /Users/abelchalier/Desktop/EDSN/node_modules/webkit-devtools-agent/node_modules/ws/node_modules/tinycolor
488 verbose tar unpack /Users/abelchalier/.npm/options/0.0.6/package.tgz
489 verbose tar unpacking to /Users/abelchalier/Desktop/EDSN/node_modules/webkit-devtools-agent/node_modules/ws/node_modules/options
490 silly gentlyRm /Users/abelchalier/Desktop/EDSN/node_modules/webkit-devtools-agent/node_modules/ws/node_modules/options is being purged
491 verbose gentlyRm don't care about contents; nuking /Users/abelchalier/Desktop/EDSN/node_modules/webkit-devtools-agent/node_modules/ws/node_modules/options
492 verbose tar unpack /Users/abelchalier/.npm/nan/0.3.2/package.tgz
493 verbose tar unpacking to /Users/abelchalier/Desktop/EDSN/node_modules/webkit-devtools-agent/node_modules/ws/node_modules/nan
494 silly gentlyRm /Users/abelchalier/Desktop/EDSN/node_modules/webkit-devtools-agent/node_modules/ws/node_modules/nan is being purged
495 verbose gentlyRm don't care about contents; nuking /Users/abelchalier/Desktop/EDSN/node_modules/webkit-devtools-agent/node_modules/ws/node_modules/nan
496 silly gunzTarPerm modes [ '755', '644' ]
497 silly gunzTarPerm modes [ '755', '644' ]
498 silly gunzTarPerm modes [ '755', '644' ]
499 silly gunzTarPerm extractEntry .npmignore
500 silly gunzTarPerm extractEntry .gitignore
501 silly gunzTarPerm extractEntry package.json
502 silly gunzTarPerm extractEntry package.json
503 silly gunzTarPerm extractEntry .travis.yml
504 silly gunzTarPerm extractEntry History.md
505 silly gunzTarPerm extractEntry example.js
506 silly gunzTarPerm extractEntry package.json
507 silly gunzTarPerm extractEntry README.md
508 silly gunzTarPerm extractEntry LICENSE
509 silly gunzTarPerm extractEntry .index.js
510 silly gunzTarPerm extractEntry nan.h
511 silly gunzTarPerm extractEntry .npmignore
512 silly gunzTarPerm extractEntry README.md
513 silly gunzTarPerm extractEntry index.js
514 silly gunzTarPerm extractEntry lib/
515 silly gunzTarPerm extractEntry README.md
516 silly gunzTarPerm extractEntry tinycolor.js
517 silly gunzTarPerm extractEntry Makefile
518 silly gunzTarPerm extractEntry lib/options.js
519 silly gunzTarPerm extractEntry lib/commander.js
520 silly gunzTarPerm extractEntry Makefile
521 silly gunzTarPerm extractEntry package.json
522 silly gunzTarPerm extractEntry Readme.md
523 verbose write writing to /Users/abelchalier/Desktop/EDSN/node_modules/webkit-devtools-agent/node_modules/ws/node_modules/tinycolor/package.json
524 verbose write writing to /Users/abelchalier/Desktop/EDSN/node_modules/webkit-devtools-agent/node_modules/ws/node_modules/options/package.json
525 info preinstall tinycolor@0.0.1
526 verbose readDependencies loading dependencies from /Users/abelchalier/Desktop/EDSN/node_modules/webkit-devtools-agent/node_modules/ws/node_modules/tinycolor/package.json
527 info preinstall options@0.0.6
528 verbose readDependencies loading dependencies from /Users/abelchalier/Desktop/EDSN/node_modules/webkit-devtools-agent/node_modules/ws/node_modules/options/package.json
529 verbose readDependencies loading dependencies from /Users/abelchalier/Desktop/EDSN/node_modules/webkit-devtools-agent/node_modules/ws/node_modules/tinycolor/package.json
530 verbose readDependencies loading dependencies from /Users/abelchalier/Desktop/EDSN/node_modules/webkit-devtools-agent/node_modules/ws/node_modules/options/package.json
531 silly install resolved []
532 verbose about to build /Users/abelchalier/Desktop/EDSN/node_modules/webkit-devtools-agent/node_modules/ws/node_modules/tinycolor
533 info build /Users/abelchalier/Desktop/EDSN/node_modules/webkit-devtools-agent/node_modules/ws/node_modules/tinycolor
534 silly install resolved []
535 verbose about to build /Users/abelchalier/Desktop/EDSN/node_modules/webkit-devtools-agent/node_modules/ws/node_modules/options
536 info build /Users/abelchalier/Desktop/EDSN/node_modules/webkit-devtools-agent/node_modules/ws/node_modules/options
537 info linkStuff tinycolor@0.0.1
538 silly linkStuff tinycolor@0.0.1 has /Users/abelchalier/Desktop/EDSN/node_modules/webkit-devtools-agent/node_modules/ws/node_modules as its parent node_modules
539 info linkStuff options@0.0.6
540 silly linkStuff options@0.0.6 has /Users/abelchalier/Desktop/EDSN/node_modules/webkit-devtools-agent/node_modules/ws/node_modules as its parent node_modules
541 verbose linkBins tinycolor@0.0.1
542 verbose linkMans tinycolor@0.0.1
543 verbose rebuildBundles tinycolor@0.0.1
544 info install tinycolor@0.0.1
545 info postinstall tinycolor@0.0.1
546 verbose linkBins options@0.0.6
547 verbose linkMans options@0.0.6
548 verbose rebuildBundles options@0.0.6
549 info install options@0.0.6
550 verbose unlock done using /Users/abelchalier/.npm/_locks/tinycolor-77261633bc39e56c.lock for /Users/abelchalier/Desktop/EDSN/node_modules/webkit-devtools-agent/node_modules/ws/node_modules/tinycolor
551 info postinstall options@0.0.6
552 verbose unlock done using /Users/abelchalier/.npm/_locks/options-85470df392bed33b.lock for /Users/abelchalier/Desktop/EDSN/node_modules/webkit-devtools-agent/node_modules/ws/node_modules/options
553 verbose write writing to /Users/abelchalier/Desktop/EDSN/node_modules/webkit-devtools-agent/node_modules/ws/node_modules/commander/package.json
554 info preinstall commander@0.6.1
555 verbose readDependencies loading dependencies from /Users/abelchalier/Desktop/EDSN/node_modules/webkit-devtools-agent/node_modules/ws/node_modules/commander/package.json
556 verbose write writing to /Users/abelchalier/Desktop/EDSN/node_modules/webkit-devtools-agent/node_modules/ws/node_modules/nan/package.json
557 verbose readDependencies loading dependencies from /Users/abelchalier/Desktop/EDSN/node_modules/webkit-devtools-agent/node_modules/ws/node_modules/commander/package.json
558 info preinstall nan@0.3.2
559 silly install resolved []
560 verbose about to build /Users/abelchalier/Desktop/EDSN/node_modules/webkit-devtools-agent/node_modules/ws/node_modules/commander
561 info build /Users/abelchalier/Desktop/EDSN/node_modules/webkit-devtools-agent/node_modules/ws/node_modules/commander
562 verbose readDependencies loading dependencies from /Users/abelchalier/Desktop/EDSN/node_modules/webkit-devtools-agent/node_modules/ws/node_modules/nan/package.json
563 info linkStuff commander@0.6.1
564 silly linkStuff commander@0.6.1 has /Users/abelchalier/Desktop/EDSN/node_modules/webkit-devtools-agent/node_modules/ws/node_modules as its parent node_modules
565 verbose readDependencies loading dependencies from /Users/abelchalier/Desktop/EDSN/node_modules/webkit-devtools-agent/node_modules/ws/node_modules/nan/package.json
566 silly install resolved []
567 verbose about to build /Users/abelchalier/Desktop/EDSN/node_modules/webkit-devtools-agent/node_modules/ws/node_modules/nan
568 info build /Users/abelchalier/Desktop/EDSN/node_modules/webkit-devtools-agent/node_modules/ws/node_modules/nan
569 verbose linkBins commander@0.6.1
570 verbose linkMans commander@0.6.1
571 verbose rebuildBundles commander@0.6.1
572 info install commander@0.6.1
573 info linkStuff nan@0.3.2
574 silly linkStuff nan@0.3.2 has /Users/abelchalier/Desktop/EDSN/node_modules/webkit-devtools-agent/node_modules/ws/node_modules as its parent node_modules
575 info postinstall commander@0.6.1
576 verbose unlock done using /Users/abelchalier/.npm/_locks/commander-5d92a5e5458f41e0.lock for /Users/abelchalier/Desktop/EDSN/node_modules/webkit-devtools-agent/node_modules/ws/node_modules/commander
577 verbose linkBins nan@0.3.2
578 verbose linkMans nan@0.3.2
579 verbose rebuildBundles nan@0.3.2
580 info install nan@0.3.2
581 info postinstall nan@0.3.2
582 verbose unlock done using /Users/abelchalier/.npm/_locks/nan-e278eab1e2a2411e.lock for /Users/abelchalier/Desktop/EDSN/node_modules/webkit-devtools-agent/node_modules/ws/node_modules/nan
583 verbose about to build /Users/abelchalier/Desktop/EDSN/node_modules/webkit-devtools-agent/node_modules/ws
584 info build /Users/abelchalier/Desktop/EDSN/node_modules/webkit-devtools-agent/node_modules/ws
585 info linkStuff ws@0.4.31
586 silly linkStuff ws@0.4.31 has /Users/abelchalier/Desktop/EDSN/node_modules/webkit-devtools-agent/node_modules as its parent node_modules
587 verbose linkBins ws@0.4.31
588 verbose link bins [ { wscat: './bin/wscat' },
588 verbose link bins   '/Users/abelchalier/Desktop/EDSN/node_modules/webkit-devtools-agent/node_modules/.bin',
588 verbose link bins   false ]
589 verbose linkMans ws@0.4.31
590 verbose rebuildBundles ws@0.4.31
591 verbose rebuildBundles [ 'commander', 'nan', 'options', 'tinycolor' ]
592 silly gentlyRm /Users/abelchalier/Desktop/EDSN/node_modules/webkit-devtools-agent/node_modules/.bin/wscat is being purged
593 verbose gentlyRm don't care about contents; nuking /Users/abelchalier/Desktop/EDSN/node_modules/webkit-devtools-agent/node_modules/.bin/wscat
594 info install ws@0.4.31
595 verbose unsafe-perm in lifecycle false
596 info postinstall ws@0.4.31
597 verbose unlock done using /Users/abelchalier/.npm/_locks/ws-bbff591d5243f004.lock for /Users/abelchalier/Desktop/EDSN/node_modules/webkit-devtools-agent/node_modules/ws
598 verbose about to build /Users/abelchalier/Desktop/EDSN/node_modules/webkit-devtools-agent
599 info build /Users/abelchalier/Desktop/EDSN/node_modules/webkit-devtools-agent
600 info linkStuff webkit-devtools-agent@0.3.1
601 silly linkStuff webkit-devtools-agent@0.3.1 has /Users/abelchalier/Desktop/EDSN/node_modules as its parent node_modules
602 verbose linkBins webkit-devtools-agent@0.3.1
603 verbose linkMans webkit-devtools-agent@0.3.1
604 verbose rebuildBundles webkit-devtools-agent@0.3.1
605 verbose rebuildBundles [ '.bin', 'underscore', 'ws' ]
606 info install webkit-devtools-agent@0.3.1
607 verbose unsafe-perm in lifecycle false
608 info webkit-devtools-agent@0.3.1 Failed to exec install script
609 verbose unlock done using /Users/abelchalier/.npm/_locks/webkit-devtools-agent-0cb63be044fb87e7.lock for /Users/abelchalier/Desktop/EDSN/node_modules/webkit-devtools-agent
610 verbose stack Error: webkit-devtools-agent@0.3.1 install: `node-gyp rebuild`
610 verbose stack Exit status 1
610 verbose stack     at EventEmitter.<anonymous> (/usr/local/lib/node_modules/npm/lib/utils/lifecycle.js:213:16)
610 verbose stack     at emitTwo (events.js:87:13)
610 verbose stack     at EventEmitter.emit (events.js:172:7)
610 verbose stack     at ChildProcess.<anonymous> (/usr/local/lib/node_modules/npm/lib/utils/spawn.js:24:14)
610 verbose stack     at emitTwo (events.js:87:13)
610 verbose stack     at ChildProcess.emit (events.js:172:7)
610 verbose stack     at maybeClose (internal/child_process.js:764:16)
610 verbose stack     at Process.ChildProcess._handle.onexit (internal/child_process.js:211:5)
611 verbose pkgid webkit-devtools-agent@0.3.1
612 verbose cwd /Users/abelchalier/Desktop/EDSN
613 error Darwin 14.5.0
614 error argv "/usr/local/bin/node" "/usr/local/bin/npm" "install" "webkit-devtools-agent"
615 error node v2.3.0
616 error npm  v2.9.0
617 error code ELIFECYCLE
618 error webkit-devtools-agent@0.3.1 install: `node-gyp rebuild`
618 error Exit status 1
619 error Failed at the webkit-devtools-agent@0.3.1 install script 'node-gyp rebuild'.
619 error This is most likely a problem with the webkit-devtools-agent package,
619 error not with npm itself.
619 error Tell the author that this fails on your system:
619 error     node-gyp rebuild
619 error You can get their info via:
619 error     npm owner ls webkit-devtools-agent
619 error There is likely additional logging output above.
620 verbose exit [ 1, true ]
621 verbose unbuild node_modules/webkit-devtools-agent
622 info preuninstall webkit-devtools-agent@0.3.1
623 info uninstall webkit-devtools-agent@0.3.1
624 verbose unbuild rmStuff webkit-devtools-agent@0.3.1 from /Users/abelchalier/Desktop/EDSN/node_modules
625 info postuninstall webkit-devtools-agent@0.3.1
626 silly gentlyRm /Users/abelchalier/Desktop/EDSN/node_modules/webkit-devtools-agent is being purged from base /Users/abelchalier/Desktop/EDSN
627 verbose gentlyRm don't care about contents; nuking /Users/abelchalier/Desktop/EDSN/node_modules/webkit-devtools-agent
628 silly vacuum-fs purging /Users/abelchalier/Desktop/EDSN/node_modules/webkit-devtools-agent
629 silly vacuum-fs quitting because other entries in /Users/abelchalier/Desktop/EDSN/node_modules
